<?xml version="1.0" encoding="UTF-8"?>
<!-- Generated by org.testng.reporters.JUnitReportReporter -->
<testsuite skipped="0" hostname="DESKTOP-1B80INB" name="com.arun.testng.InvocationCount" tests="100" failures="0" timestamp="28 Jan 2019 10:30:37 GMT" time="10.284" errors="0">
  <testcase name="testInvocationCount" time="0.102" classname="com.arun.testng.InvocationCount"/>
  <testcase name="testInvocationCount" time="0.102" classname="com.arun.testng.InvocationCount"/>
  <testcase name="testInvocationCount" time="0.103" classname="com.arun.testng.InvocationCount"/>
  <testcase name="testInvocationCount" time="0.105" classname="com.arun.testng.InvocationCount"/>
  <testcase name="testInvocationCount" time="0.105" classname="com.arun.testng.InvocationCount"/>
  <testcase name="testInvocationCount" time="0.101" classname="com.arun.testng.InvocationCount"/>
  <testcase name="testInvocationCount" time="0.102" classname="com.arun.testng.InvocationCount"/>
  <testcase name="testInvocationCount" time="0.104" classname="com.arun.testng.InvocationCount"/>
  <testcase name="testInvocationCount" time="0.101" classname="com.arun.testng.InvocationCount"/>
  <testcase name="testInvocationCount" time="0.101" classname="com.arun.testng.InvocationCount"/>
  <testcase name="testInvocationCount" time="0.101" classname="com.arun.testng.InvocationCount"/>
  <testcase name="testInvocationCount" time="0.102" classname="com.arun.testng.InvocationCount"/>
  <testcase name="testInvocationCount" time="0.103" classname="com.arun.testng.InvocationCount"/>
  <testcase name="testInvocationCount" time="0.105" classname="com.arun.testng.InvocationCount"/>
  <testcase name="testInvocationCount" time="0.102" classname="com.arun.testng.InvocationCount"/>
  <testcase name="testInvocationCount" time="0.102" classname="com.arun.testng.InvocationCount"/>
  <testcase name="testInvocationCount" time="0.103" classname="com.arun.testng.InvocationCount"/>
  <testcase name="testInvocationCount" time="0.102" classname="com.arun.testng.InvocationCount"/>
  <testcase name="testInvocationCount" time="0.102" classname="com.arun.testng.InvocationCount"/>
  <testcase name="testInvocationCount" time="0.101" classname="com.arun.testng.InvocationCount"/>
  <testcase name="testInvocationCount" time="0.102" classname="com.arun.testng.InvocationCount"/>
  <testcase name="testInvocationCount" time="0.105" classname="com.arun.testng.InvocationCount"/>
  <testcase name="testInvocationCount" time="0.101" classname="com.arun.testng.InvocationCount"/>
  <testcase name="testInvocationCount" time="0.102" classname="com.arun.testng.InvocationCount"/>
  <testcase name="testInvocationCount" time="0.103" classname="com.arun.testng.InvocationCount"/>
  <testcase name="testInvocationCount" time="0.103" classname="com.arun.testng.InvocationCount"/>
  <testcase name="testInvocationCount" time="0.101" classname="com.arun.testng.InvocationCount"/>
  <testcase name="testInvocationCount" time="0.103" classname="com.arun.testng.InvocationCount"/>
  <testcase name="testInvocationCount" time="0.102" classname="com.arun.testng.InvocationCount"/>
  <testcase name="testInvocationCount" time="0.101" classname="com.arun.testng.InvocationCount"/>
  <testcase name="testInvocationCount" time="0.102" classname="com.arun.testng.InvocationCount"/>
  <testcase name="testInvocationCount" time="0.105" classname="com.arun.testng.InvocationCount"/>
  <testcase name="testInvocationCount" time="0.100" classname="com.arun.testng.InvocationCount"/>
  <testcase name="testInvocationCount" time="0.102" classname="com.arun.testng.InvocationCount"/>
  <testcase name="testInvocationCount" time="0.113" classname="com.arun.testng.InvocationCount"/>
  <testcase name="testInvocationCount" time="0.103" classname="com.arun.testng.InvocationCount"/>
  <testcase name="testInvocationCount" time="0.102" classname="com.arun.testng.InvocationCount"/>
  <testcase name="testInvocationCount" time="0.102" classname="com.arun.testng.InvocationCount"/>
  <testcase name="testInvocationCount" time="0.102" classname="com.arun.testng.InvocationCount"/>
  <testcase name="testInvocationCount" time="0.104" classname="com.arun.testng.InvocationCount"/>
  <testcase name="testInvocationCount" time="0.103" classname="com.arun.testng.InvocationCount"/>
  <testcase name="testInvocationCount" time="0.101" classname="com.arun.testng.InvocationCount"/>
  <testcase name="testInvocationCount" time="0.103" classname="com.arun.testng.InvocationCount"/>
  <testcase name="testInvocationCount" time="0.103" classname="com.arun.testng.InvocationCount"/>
  <testcase name="testInvocationCount" time="0.104" classname="com.arun.testng.InvocationCount"/>
  <testcase name="testInvocationCount" time="0.102" classname="com.arun.testng.InvocationCount"/>
  <testcase name="testInvocationCount" time="0.103" classname="com.arun.testng.InvocationCount"/>
  <testcase name="testInvocationCount" time="0.102" classname="com.arun.testng.InvocationCount"/>
  <testcase name="testInvocationCount" time="0.101" classname="com.arun.testng.InvocationCount"/>
  <testcase name="testInvocationCount" time="0.102" classname="com.arun.testng.InvocationCount"/>
  <testcase name="testInvocationCount" time="0.103" classname="com.arun.testng.InvocationCount"/>
  <testcase name="testInvocationCount" time="0.104" classname="com.arun.testng.InvocationCount"/>
  <testcase name="testInvocationCount" time="0.102" classname="com.arun.testng.InvocationCount"/>
  <testcase name="testInvocationCount" time="0.138" classname="com.arun.testng.InvocationCount"/>
  <testcase name="testInvocationCount" time="0.101" classname="com.arun.testng.InvocationCount"/>
  <testcase name="testInvocationCount" time="0.101" classname="com.arun.testng.InvocationCount"/>
  <testcase name="testInvocationCount" time="0.101" classname="com.arun.testng.InvocationCount"/>
  <testcase name="testInvocationCount" time="0.102" classname="com.arun.testng.InvocationCount"/>
  <testcase name="testInvocationCount" time="0.104" classname="com.arun.testng.InvocationCount"/>
  <testcase name="testInvocationCount" time="0.102" classname="com.arun.testng.InvocationCount"/>
  <testcase name="testInvocationCount" time="0.101" classname="com.arun.testng.InvocationCount"/>
  <testcase name="testInvocationCount" time="0.101" classname="com.arun.testng.InvocationCount"/>
  <testcase name="testInvocationCount" time="0.101" classname="com.arun.testng.InvocationCount"/>
  <testcase name="testInvocationCount" time="0.103" classname="com.arun.testng.InvocationCount"/>
  <testcase name="testInvocationCount" time="0.104" classname="com.arun.testng.InvocationCount"/>
  <testcase name="testInvocationCount" time="0.103" classname="com.arun.testng.InvocationCount"/>
  <testcase name="testInvocationCount" time="0.102" classname="com.arun.testng.InvocationCount"/>
  <testcase name="testInvocationCount" time="0.103" classname="com.arun.testng.InvocationCount"/>
  <testcase name="testInvocationCount" time="0.101" classname="com.arun.testng.InvocationCount"/>
  <testcase name="testInvocationCount" time="0.102" classname="com.arun.testng.InvocationCount"/>
  <testcase name="testInvocationCount" time="0.102" classname="com.arun.testng.InvocationCount"/>
  <testcase name="testInvocationCount" time="0.101" classname="com.arun.testng.InvocationCount"/>
  <testcase name="testInvocationCount" time="0.105" classname="com.arun.testng.InvocationCount"/>
  <testcase name="testInvocationCount" time="0.101" classname="com.arun.testng.InvocationCount"/>
  <testcase name="testInvocationCount" time="0.101" classname="com.arun.testng.InvocationCount"/>
  <testcase name="testInvocationCount" time="0.102" classname="com.arun.testng.InvocationCount"/>
  <testcase name="testInvocationCount" time="0.102" classname="com.arun.testng.InvocationCount"/>
  <testcase name="testInvocationCount" time="0.102" classname="com.arun.testng.InvocationCount"/>
  <testcase name="testInvocationCount" time="0.101" classname="com.arun.testng.InvocationCount"/>
  <testcase name="testInvocationCount" time="0.102" classname="com.arun.testng.InvocationCount"/>
  <testcase name="testInvocationCount" time="0.102" classname="com.arun.testng.InvocationCount"/>
  <testcase name="testInvocationCount" time="0.101" classname="com.arun.testng.InvocationCount"/>
  <testcase name="testInvocationCount" time="0.104" classname="com.arun.testng.InvocationCount"/>
  <testcase name="testInvocationCount" time="0.101" classname="com.arun.testng.InvocationCount"/>
  <testcase name="testInvocationCount" time="0.102" classname="com.arun.testng.InvocationCount"/>
  <testcase name="testInvocationCount" time="0.104" classname="com.arun.testng.InvocationCount"/>
  <testcase name="testInvocationCount" time="0.104" classname="com.arun.testng.InvocationCount"/>
  <testcase name="testInvocationCount" time="0.104" classname="com.arun.testng.InvocationCount"/>
  <testcase name="testInvocationCount" time="0.103" classname="com.arun.testng.InvocationCount"/>
  <testcase name="testInvocationCount" time="0.103" classname="com.arun.testng.InvocationCount"/>
  <testcase name="testInvocationCount" time="0.103" classname="com.arun.testng.InvocationCount"/>
  <testcase name="testInvocationCount" time="0.103" classname="com.arun.testng.InvocationCount"/>
  <testcase name="testInvocationCount" time="0.101" classname="com.arun.testng.InvocationCount"/>
  <testcase name="testInvocationCount" time="0.102" classname="com.arun.testng.InvocationCount"/>
  <testcase name="testInvocationCount" time="0.101" classname="com.arun.testng.InvocationCount"/>
  <testcase name="testInvocationCount" time="0.101" classname="com.arun.testng.InvocationCount"/>
  <testcase name="testInvocationCount" time="0.101" classname="com.arun.testng.InvocationCount"/>
  <testcase name="testInvocationCount" time="0.109" classname="com.arun.testng.InvocationCount"/>
  <testcase name="testInvocationCount" time="0.104" classname="com.arun.testng.InvocationCount"/>
  <testcase name="testInvocationCount" time="0.102" classname="com.arun.testng.InvocationCount"/>
</testsuite> <!-- com.arun.testng.InvocationCount -->
