<?xml version="1.0" encoding="UTF-8"?>
<!-- Generated by org.testng.reporters.JUnitReportReporter -->
<testsuite skipped="0" hostname="DESKTOP-1B80INB" name="com.arun.gridnodesetup.GridNodeSetUp" tests="20" failures="0" timestamp="20 Jan 2019 11:02:06 GMT" time="143.019" errors="0">
  <testcase name="simpleTest" time="6.390" classname="com.arun.gridnodesetup.GridNodeSetUp"/>
  <testcase name="simpleTest" time="11.892" classname="com.arun.gridnodesetup.GridNodeSetUp"/>
  <testcase name="simpleTest" time="7.473" classname="com.arun.gridnodesetup.GridNodeSetUp"/>
  <testcase name="simpleTest" time="5.732" classname="com.arun.gridnodesetup.GridNodeSetUp"/>
  <testcase name="simpleTest" time="5.719" classname="com.arun.gridnodesetup.GridNodeSetUp"/>
  <testcase name="simpleTest" time="10.278" classname="com.arun.gridnodesetup.GridNodeSetUp"/>
  <testcase name="simpleTest" time="5.493" classname="com.arun.gridnodesetup.GridNodeSetUp"/>
  <testcase name="simpleTest" time="10.277" classname="com.arun.gridnodesetup.GridNodeSetUp"/>
  <testcase name="simpleTest" time="4.664" classname="com.arun.gridnodesetup.GridNodeSetUp"/>
  <testcase name="simpleTest" time="7.481" classname="com.arun.gridnodesetup.GridNodeSetUp"/>
  <testcase name="simpleTest" time="4.650" classname="com.arun.gridnodesetup.GridNodeSetUp"/>
  <testcase name="simpleTest" time="5.513" classname="com.arun.gridnodesetup.GridNodeSetUp"/>
  <testcase name="simpleTest" time="7.452" classname="com.arun.gridnodesetup.GridNodeSetUp"/>
  <testcase name="simpleTest" time="7.476" classname="com.arun.gridnodesetup.GridNodeSetUp"/>
  <testcase name="simpleTest" time="11.055" classname="com.arun.gridnodesetup.GridNodeSetUp"/>
  <testcase name="simpleTest" time="5.739" classname="com.arun.gridnodesetup.GridNodeSetUp"/>
  <testcase name="simpleTest" time="7.453" classname="com.arun.gridnodesetup.GridNodeSetUp"/>
  <testcase name="simpleTest" time="6.287" classname="com.arun.gridnodesetup.GridNodeSetUp"/>
  <testcase name="simpleTest" time="6.277" classname="com.arun.gridnodesetup.GridNodeSetUp"/>
  <testcase name="simpleTest" time="5.718" classname="com.arun.gridnodesetup.GridNodeSetUp"/>
</testsuite> <!-- com.arun.gridnodesetup.GridNodeSetUp -->
