<?xml version="1.0" encoding="UTF-8"?>
<!-- Generated by org.testng.reporters.JUnitReportReporter -->
<testsuite skipped="0" hostname="DESKTOP-1B80INB" name="com.arun.testng.AnnotationsDetailed" tests="2" failures="0" timestamp="07 Feb 2019 16:02:56 GMT" time="0.010" errors="0">
  <testcase name="test2" time="0.008" classname="com.arun.testng.AnnotationsDetailed"/>
  <testcase name="test1" time="0.002" classname="com.arun.testng.AnnotationsDetailed"/>
</testsuite> <!-- com.arun.testng.AnnotationsDetailed -->
