<?xml version="1.0" encoding="UTF-8"?>
<!-- Generated by org.testng.reporters.JUnitReportReporter -->
<testsuite skipped="1" hostname="DESKTOP-1B80INB" name="com.frameworkDevelopment.POM_Project.RoughTest2" tests="2" failures="0" timestamp="08 Jan 2019 13:23:28 GMT" time="25.410" errors="0">
  <testcase name="homePageOpen" time="25.410" classname="com.frameworkDevelopment.POM_Project.RoughTest2"/>
  <testcase name="openWebsite" classname="com.frameworkDevelopment.POM_Project.RoughTest2">
    <skipped/>
  </testcase> <!-- openWebsite -->
</testsuite> <!-- com.frameworkDevelopment.POM_Project.RoughTest2 -->
