<?xml version="1.0" encoding="UTF-8"?>
<!-- Generated by org.testng.reporters.JUnitReportReporter -->
<testsuite skipped="0" hostname="DESKTOP-1B80INB" name="com.frameworkDevelopment.POM_Project.LoginPage" tests="1" failures="0" timestamp="07 Jan 2019 10:40:00 GMT" time="5.468" errors="0">
  <testcase name="searchGoogle" time="5.468" classname="com.frameworkDevelopment.POM_Project.LoginPage"/>
</testsuite> <!-- com.frameworkDevelopment.POM_Project.LoginPage -->
