<?xml version="1.0" encoding="UTF-8"?>
<!-- Generated by org.testng.reporters.JUnitReportReporter -->
<testsuite skipped="0" hostname="DESKTOP-1B80INB" name="com.frameworkDevelopment.POM_Project.Test2" tests="1" failures="0" timestamp="07 Jan 2019 10:08:24 GMT" time="3.852" errors="0">
  <testcase name="openWebsite" time="3.852" classname="com.frameworkDevelopment.POM_Project.Test2"/>
</testsuite> <!-- com.frameworkDevelopment.POM_Project.Test2 -->
